<?xml version="1.0" encoding="UTF-8"?>
<!-- Generated by org.testng.reporters.JUnitXMLReporter -->
<testsuite ignored="0" hostname="Vanithamanis-MacBook-Pro.local" failures="0" tests="4" name="Test" time="97.304" errors="0" timestamp="2022-04-20T15:27:33 IST">
  <testcase classname="SeleniumEnd2EndProject.Rahulshetty.HomePage" name="loginPage" time="0.833"/>
  <testcase classname="SeleniumEnd2EndProject.Rahulshetty.HomePage" name="loginPage" time="0.285"/>
  <testcase classname="SeleniumEnd2EndProject.Rahulshetty.ValidatingNavigation" name="validatingNavOptions" time="1.616"/>
  <testcase classname="SeleniumEnd2EndProject.Rahulshetty.ValidatingCenterText" name="validatingHomeText" time="1.535"/>
</testsuite> <!-- Test -->
