<?xml version="1.0" encoding="UTF-8"?>
<!-- Generated by org.testng.reporters.JUnitXMLReporter -->
<testsuite ignored="0" hostname="Vanithamanis-MacBook-Pro.local" failures="0" tests="2" name="ValidatingLogin" time="46.892" errors="0" timestamp="2022-04-28T15:58:38 IST">
  <testcase classname="SeleniumEnd2EndProject.Rahulshetty.HomePage" name="loginPage" time="1.009"/>
  <testcase classname="SeleniumEnd2EndProject.Rahulshetty.HomePage" name="loginPage" time="0.32"/>
</testsuite> <!-- ValidatingLogin -->
