<?xml version="1.0" encoding="UTF-8"?>
<testng-results ignored="0" total="4" passed="4" failed="0" skipped="0">
  <reporter-output>
  </reporter-output>
  <suite started-at="2022-04-28T15:57:52 IST" name="Suite" finished-at="2022-04-28T15:58:38 IST" duration-ms="46892">
    <groups>
    </groups>
    <test started-at="2022-04-28T15:57:52 IST" name="ValidatingNav" finished-at="2022-04-28T15:58:17 IST" duration-ms="25420">
      <class name="SeleniumEnd2EndProject.Rahulshetty.ValidatingNavigation">
        <test-method is-config="true" signature="initializeDriver()[pri:0, instance:SeleniumEnd2EndProject.Rahulshetty.ValidatingNavigation@58326051]" started-at="2022-04-28T15:57:52 IST" name="initializeDriver" finished-at="2022-04-28T15:58:14 IST" duration-ms="22331" status="PASS">
          <reporter-output>
          </reporter-output>
        </test-method> <!-- initializeDriver -->
        <test-method signature="validatingNavOptions()[pri:0, instance:SeleniumEnd2EndProject.Rahulshetty.ValidatingNavigation@58326051]" started-at="2022-04-28T15:58:14 IST" name="validatingNavOptions" finished-at="2022-04-28T15:58:17 IST" duration-ms="2961" status="PASS">
          <reporter-output>
          </reporter-output>
        </test-method> <!-- validatingNavOptions -->
        <test-method is-config="true" signature="tearDown()[pri:0, instance:SeleniumEnd2EndProject.Rahulshetty.ValidatingNavigation@58326051]" started-at="2022-04-28T15:58:17 IST" name="tearDown" finished-at="2022-04-28T15:58:17 IST" duration-ms="84" status="PASS">
          <reporter-output>
          </reporter-output>
        </test-method> <!-- tearDown -->
      </class> <!-- SeleniumEnd2EndProject.Rahulshetty.ValidatingNavigation -->
    </test> <!-- ValidatingNav -->
    <test started-at="2022-04-28T15:57:52 IST" name="ValidatingText" finished-at="2022-04-28T15:58:38 IST" duration-ms="46035">
      <class name="SeleniumEnd2EndProject.Rahulshetty.ValidatingCenterText">
        <test-method is-config="true" signature="initializeDriver()[pri:0, instance:SeleniumEnd2EndProject.Rahulshetty.ValidatingCenterText@7ae42ce3]" started-at="2022-04-28T15:57:52 IST" name="initializeDriver" finished-at="2022-04-28T15:58:35 IST" duration-ms="43522" status="PASS">
          <reporter-output>
          </reporter-output>
        </test-method> <!-- initializeDriver -->
        <test-method signature="validatingHomeText()[pri:0, instance:SeleniumEnd2EndProject.Rahulshetty.ValidatingCenterText@7ae42ce3]" started-at="2022-04-28T15:58:35 IST" name="validatingHomeText" finished-at="2022-04-28T15:58:37 IST" duration-ms="2384" status="PASS">
          <reporter-output>
          </reporter-output>
        </test-method> <!-- validatingHomeText -->
        <test-method is-config="true" signature="tearDown()[pri:0, instance:SeleniumEnd2EndProject.Rahulshetty.ValidatingCenterText@7ae42ce3]" started-at="2022-04-28T15:58:37 IST" name="tearDown" finished-at="2022-04-28T15:58:38 IST" duration-ms="118" status="PASS">
          <reporter-output>
          </reporter-output>
        </test-method> <!-- tearDown -->
      </class> <!-- SeleniumEnd2EndProject.Rahulshetty.ValidatingCenterText -->
    </test> <!-- ValidatingText -->
    <test started-at="2022-04-28T15:57:52 IST" name="ValidatingLogin" finished-at="2022-04-28T15:58:38 IST" duration-ms="46892">
      <class name="SeleniumEnd2EndProject.Rahulshetty.HomePage">
        <test-method is-config="true" signature="initializeDriver()[pri:0, instance:SeleniumEnd2EndProject.Rahulshetty.HomePage@78641d23]" started-at="2022-04-28T15:57:52 IST" name="initializeDriver" finished-at="2022-04-28T15:58:37 IST" duration-ms="45443" status="PASS">
          <reporter-output>
          </reporter-output>
        </test-method> <!-- initializeDriver -->
        <test-method signature="loginPage(java.lang.String,java.lang.String)[pri:0, instance:SeleniumEnd2EndProject.Rahulshetty.HomePage@78641d23]" started-at="2022-04-28T15:58:37 IST" name="loginPage" data-provider="LoginDetails" finished-at="2022-04-28T15:58:38 IST" duration-ms="1009" status="PASS">
          <params>
            <param index="0">
              <value>
                <![CDATA[test1@test.com]]>
              </value>
            </param>
            <param index="1">
              <value>
                <![CDATA[pass1]]>
              </value>
            </param>
          </params>
          <reporter-output>
          </reporter-output>
        </test-method> <!-- loginPage -->
        <test-method signature="loginPage(java.lang.String,java.lang.String)[pri:0, instance:SeleniumEnd2EndProject.Rahulshetty.HomePage@78641d23]" started-at="2022-04-28T15:58:38 IST" name="loginPage" data-provider="LoginDetails" finished-at="2022-04-28T15:58:38 IST" duration-ms="320" status="PASS">
          <params>
            <param index="0">
              <value>
                <![CDATA[test2@test.com]]>
              </value>
            </param>
            <param index="1">
              <value>
                <![CDATA[pass2]]>
              </value>
            </param>
          </params>
          <reporter-output>
          </reporter-output>
        </test-method> <!-- loginPage -->
        <test-method is-config="true" signature="tearDown()[pri:0, instance:SeleniumEnd2EndProject.Rahulshetty.HomePage@78641d23]" started-at="2022-04-28T15:58:38 IST" name="tearDown" finished-at="2022-04-28T15:58:38 IST" duration-ms="99" status="PASS">
          <reporter-output>
          </reporter-output>
        </test-method> <!-- tearDown -->
      </class> <!-- SeleniumEnd2EndProject.Rahulshetty.HomePage -->
    </test> <!-- ValidatingLogin -->
  </suite> <!-- Suite -->
</testng-results>
